2023-08-12 16:13:11.623 [main] INFO  org.apache.dubbo.common.logger.LoggerFactory - using logger: org.apache.dubbo.common.logger.slf4j.Slf4jLoggerAdapter
2023-08-12 16:13:11.628 [main] INFO  o.a.d.s.b.c.event.WelcomeLogoApplicationListener - 

 :: Dubbo Spring Boot (v2.7.5) : https://github.com/apache/dubbo-spring-boot-project
 :: Dubbo (v2.7.5) : https://github.com/apache/dubbo
 :: Discuss group : dev@dubbo.apache.org

2023-08-12 16:13:11.630 [main] INFO  o.a.d.s.b.c.e.OverrideDubboConfigApplicationListener - Dubbo Config was overridden by externalized configuration {dubbo.application.name=dubbo-apisystem-provider, dubbo.application.qos-enable=false, dubbo.config.multiple=true, dubbo.protocol.name=dubbo, dubbo.protocol.port=-1, dubbo.provider.timeout=50000, dubbo.registry.address=nacos://localhost:8848}
2023-08-12 16:13:11.707 [main] INFO  com.abing.SystemApplication - Starting SystemApplication using Java 1.8.0_371 on DESKTOP-R9FOC00 with PID 23128 (D:\Star\sundayapi\bing-api-plus\bing-api-system\target\classes started by 阿炳亿点点帅 in D:\Star\sundayapi\bing-api-plus)
2023-08-12 16:13:11.708 [main] INFO  com.abing.SystemApplication - No active profile set, falling back to default profiles: default
2023-08-12 16:13:11.798 [main] INFO  com.alibaba.spring.util.BeanRegistrar - The Infrastructure bean definition [Root bean: class [org.apache.dubbo.spring.boot.beans.factory.config.DubboConfigBeanCustomizer]; scope=; abstract=false; lazyInit=null; autowireMode=0; dependencyCheck=0; autowireCandidate=true; primary=false; factoryBeanName=null; factoryMethodName=null; initMethodName=null; destroyMethodName=nullwith name [namePropertyDefaultValueDubboConfigBeanCustomizer] has been registered.
2023-08-12 16:13:12.240 [main] INFO  com.alibaba.spring.util.BeanRegistrar - The Infrastructure bean definition [Root bean: class [org.apache.dubbo.config.spring.beans.factory.annotation.DubboConfigAliasPostProcessor]; scope=; abstract=false; lazyInit=null; autowireMode=0; dependencyCheck=0; autowireCandidate=true; primary=false; factoryBeanName=null; factoryMethodName=null; initMethodName=null; destroyMethodName=nullwith name [dubboConfigAliasPostProcessor] has been registered.
2023-08-12 16:13:12.244 [main] INFO  com.alibaba.spring.util.BeanRegistrar - The Infrastructure bean definition [Root bean: class [org.apache.dubbo.config.spring.beans.factory.annotation.ReferenceAnnotationBeanPostProcessor]; scope=; abstract=false; lazyInit=null; autowireMode=0; dependencyCheck=0; autowireCandidate=true; primary=false; factoryBeanName=null; factoryMethodName=null; initMethodName=null; destroyMethodName=nullwith name [referenceAnnotationBeanPostProcessor] has been registered.
2023-08-12 16:13:12.370 [main] INFO  c.a.s.b.f.a.ConfigurationBeanBindingRegistrar - The configuration bean definition [name : org.apache.dubbo.config.ApplicationConfig#0, content : Root bean: class [org.apache.dubbo.config.ApplicationConfig]; scope=; abstract=false; lazyInit=null; autowireMode=0; dependencyCheck=0; autowireCandidate=true; primary=false; factoryBeanName=null; factoryMethodName=null; initMethodName=null; destroyMethodName=null] has been registered.
2023-08-12 16:13:12.370 [main] INFO  com.alibaba.spring.util.BeanRegistrar - The Infrastructure bean definition [Root bean: class [com.alibaba.spring.beans.factory.annotation.ConfigurationBeanBindingPostProcessor]; scope=; abstract=false; lazyInit=null; autowireMode=0; dependencyCheck=0; autowireCandidate=true; primary=false; factoryBeanName=null; factoryMethodName=null; initMethodName=null; destroyMethodName=nullwith name [configurationBeanBindingPostProcessor] has been registered.
2023-08-12 16:13:12.370 [main] INFO  c.a.s.b.f.a.ConfigurationBeanBindingRegistrar - The configuration bean definition [name : org.apache.dubbo.config.RegistryConfig#0, content : Root bean: class [org.apache.dubbo.config.RegistryConfig]; scope=; abstract=false; lazyInit=null; autowireMode=0; dependencyCheck=0; autowireCandidate=true; primary=false; factoryBeanName=null; factoryMethodName=null; initMethodName=null; destroyMethodName=null] has been registered.
2023-08-12 16:13:12.371 [main] INFO  c.a.s.b.f.a.ConfigurationBeanBindingRegistrar - The configuration bean definition [name : org.apache.dubbo.config.ProtocolConfig#0, content : Root bean: class [org.apache.dubbo.config.ProtocolConfig]; scope=; abstract=false; lazyInit=null; autowireMode=0; dependencyCheck=0; autowireCandidate=true; primary=false; factoryBeanName=null; factoryMethodName=null; initMethodName=null; destroyMethodName=null] has been registered.
2023-08-12 16:13:12.371 [main] INFO  c.a.s.b.f.a.ConfigurationBeanBindingRegistrar - The configuration bean definition [name : org.apache.dubbo.config.ProviderConfig#0, content : Root bean: class [org.apache.dubbo.config.ProviderConfig]; scope=; abstract=false; lazyInit=null; autowireMode=0; dependencyCheck=0; autowireCandidate=true; primary=false; factoryBeanName=null; factoryMethodName=null; initMethodName=null; destroyMethodName=null] has been registered.
2023-08-12 16:13:12.527 [main] INFO  o.a.d.c.s.b.f.a.ServiceAnnotationBeanPostProcessor -  [DUBBO] BeanNameGenerator bean can't be found in BeanFactory with name [org.springframework.context.annotation.internalConfigurationBeanNameGenerator], dubbo version: 2.7.5, current host: 192.168.47.1
2023-08-12 16:13:12.527 [main] INFO  o.a.d.c.s.b.f.a.ServiceAnnotationBeanPostProcessor -  [DUBBO] BeanNameGenerator will be a instance of org.springframework.context.annotation.AnnotationBeanNameGenerator , it maybe a potential problem on bean name generation., dubbo version: 2.7.5, current host: 192.168.47.1
2023-08-12 16:13:12.538 [main] INFO  o.a.d.c.s.b.f.a.ServiceAnnotationBeanPostProcessor -  [DUBBO] The BeanDefinition[Root bean: class [org.apache.dubbo.config.spring.ServiceBean]; scope=; abstract=false; lazyInit=null; autowireMode=0; dependencyCheck=0; autowireCandidate=true; primary=false; factoryBeanName=null; factoryMethodName=null; initMethodName=null; destroyMethodName=null] of ServiceBean has been registered with name : ServiceBean:com.abing.service.InterfaceInfoService, dubbo version: 2.7.5, current host: 192.168.47.1
2023-08-12 16:13:12.539 [main] INFO  o.a.d.c.s.b.f.a.ServiceAnnotationBeanPostProcessor -  [DUBBO] The BeanDefinition[Root bean: class [org.apache.dubbo.config.spring.ServiceBean]; scope=; abstract=false; lazyInit=null; autowireMode=0; dependencyCheck=0; autowireCandidate=true; primary=false; factoryBeanName=null; factoryMethodName=null; initMethodName=null; destroyMethodName=null] of ServiceBean has been registered with name : ServiceBean:com.abing.service.QuoteService, dubbo version: 2.7.5, current host: 192.168.47.1
2023-08-12 16:13:12.539 [main] INFO  o.a.d.c.s.b.f.a.ServiceAnnotationBeanPostProcessor -  [DUBBO] 2 annotated Dubbo's @Service Components { [Bean definition with name 'interfaceInfoServiceImpl': Generic bean: class [com.abing.service.impl.InterfaceInfoServiceImpl]; scope=; abstract=false; lazyInit=null; autowireMode=0; dependencyCheck=0; autowireCandidate=true; primary=false; factoryBeanName=null; factoryMethodName=null; initMethodName=null; destroyMethodName=null; defined in file [D:\Star\sundayapi\bing-api-plus\bing-api-system\target\classes\com\abing\service\impl\InterfaceInfoServiceImpl.class], Bean definition with name 'quoteServiceImpl': Generic bean: class [com.abing.service.impl.QuoteServiceImpl]; scope=; abstract=false; lazyInit=null; autowireMode=0; dependencyCheck=0; autowireCandidate=true; primary=false; factoryBeanName=null; factoryMethodName=null; initMethodName=null; destroyMethodName=null; defined in file [D:\Star\sundayapi\bing-api-plus\bing-api-system\target\classes\com\abing\service\impl\QuoteServiceImpl.class]] } were scanned under package[com.abing.service.impl], dubbo version: 2.7.5, current host: 192.168.47.1
2023-08-12 16:13:12.601 [main] INFO  o.springframework.cloud.context.scope.GenericScope - BeanFactory id=24764765-1f57-3c65-b671-67612c82e92b
2023-08-12 16:13:13.111 [main] INFO  o.s.boot.web.embedded.tomcat.TomcatWebServer - Tomcat initialized with port(s): 9527 (http)
2023-08-12 16:13:13.120 [main] INFO  org.apache.coyote.http11.Http11NioProtocol - Initializing ProtocolHandler ["http-nio-9527"]
2023-08-12 16:13:13.121 [main] INFO  org.apache.catalina.core.StandardService - Starting service [Tomcat]
2023-08-12 16:13:13.121 [main] INFO  org.apache.catalina.core.StandardEngine - Starting Servlet engine: [Apache Tomcat/9.0.56]
2023-08-12 16:13:13.207 [main] INFO  o.a.c.c.ContainerBase.[Tomcat].[localhost].[/sys] - Initializing Spring embedded WebApplicationContext
2023-08-12 16:13:13.207 [main] INFO  o.s.b.w.s.c.ServletWebServerApplicationContext - Root WebApplicationContext: initialization completed in 1425 ms
2023-08-12 16:13:16.566 [main] INFO  c.a.s.b.f.a.ConfigurationBeanBindingPostProcessor - The configuration bean [<dubbo:application name="dubbo-apisystem-provider" valid="true" qosEnable="false" hostname="DESKTOP-R9FOC00" qosEnableCompatible="false" id="dubbo-apisystem-provider" prefix="dubbo.application" />] have been binding by the configuration properties [{name=dubbo-apisystem-provider, qos-enable=false}]
2023-08-12 16:13:16.573 [main] INFO  c.a.s.b.f.a.ConfigurationBeanBindingPostProcessor - The configuration bean [<dubbo:registry address="nacos://localhost:8848" protocol="nacos" port="8848" valid="true" id="nacos" prefix="dubbo.registry" />] have been binding by the configuration properties [{address=nacos://localhost:8848}]
2023-08-12 16:13:16.578 [main] INFO  c.a.s.b.f.a.ConfigurationBeanBindingPostProcessor - The configuration bean [<dubbo:protocol name="dubbo" port="-1" valid="true" id="dubbo" prefix="dubbo.protocol" />] have been binding by the configuration properties [{name=dubbo, port=-1}]
2023-08-12 16:13:16.587 [main] INFO  c.a.s.b.f.a.ConfigurationBeanBindingPostProcessor - The configuration bean [<dubbo:provider timeout="50000" deprecated="false" dynamic="true" prefix="dubbo.provider" valid="true" />] have been binding by the configuration properties [{timeout=50000}]
2023-08-12 16:13:23.942 [main] INFO  org.apache.coyote.http11.Http11NioProtocol - Starting ProtocolHandler ["http-nio-9527"]
2023-08-12 16:13:23.957 [main] INFO  o.s.boot.web.embedded.tomcat.TomcatWebServer - Tomcat started on port(s): 9527 (http) with context path '/sys'
2023-08-12 16:13:39.149 [main] INFO  o.a.d.c.s.b.f.a.ReferenceAnnotationBeanPostProcessor - class org.apache.dubbo.config.spring.beans.factory.annotation.ReferenceAnnotationBeanPostProcessor was destroying!
2023-08-12 16:13:39.570 [main] INFO  org.apache.coyote.http11.Http11NioProtocol - Pausing ProtocolHandler ["http-nio-9527"]
2023-08-12 16:13:39.570 [main] INFO  org.apache.catalina.core.StandardService - Stopping service [Tomcat]
2023-08-12 16:13:39.573 [main] INFO  org.apache.coyote.http11.Http11NioProtocol - Stopping ProtocolHandler ["http-nio-9527"]
2023-08-12 16:13:39.575 [main] INFO  org.apache.coyote.http11.Http11NioProtocol - Destroying ProtocolHandler ["http-nio-9527"]
2023-08-12 16:13:39.581 [main] INFO  o.s.b.a.l.ConditionEvaluationReportLoggingListener - 

Error starting ApplicationContext. To display the conditions report re-run your application with 'debug' enabled.
2023-08-12 17:31:25.187 [DubboShutdownHook] INFO  org.apache.dubbo.config.DubboShutdownHook -  [DUBBO] Run shutdown hook now., dubbo version: 2.7.5, current host: 192.168.47.1
2023-08-12 17:31:33.992 [main] INFO  org.apache.dubbo.common.logger.LoggerFactory - using logger: org.apache.dubbo.common.logger.slf4j.Slf4jLoggerAdapter
2023-08-12 17:31:33.996 [main] INFO  o.a.d.s.b.c.event.WelcomeLogoApplicationListener - 

 :: Dubbo Spring Boot (v2.7.5) : https://github.com/apache/dubbo-spring-boot-project
 :: Dubbo (v2.7.5) : https://github.com/apache/dubbo
 :: Discuss group : dev@dubbo.apache.org

2023-08-12 17:31:33.998 [main] INFO  o.a.d.s.b.c.e.OverrideDubboConfigApplicationListener - Dubbo Config was overridden by externalized configuration {dubbo.application.name=dubbo-apisystem-provider, dubbo.application.qos-enable=false, dubbo.config.multiple=true, dubbo.protocol.name=dubbo, dubbo.protocol.port=-1, dubbo.provider.timeout=50000, dubbo.registry.address=nacos://localhost:8848}
2023-08-12 17:31:34.059 [main] INFO  com.abing.SystemApplication - Starting SystemApplication using Java 1.8.0_371 on DESKTOP-R9FOC00 with PID 21324 (D:\Star\sundayapi\bing-api-plus\bing-api-system\target\classes started by 阿炳亿点点帅 in D:\Star\sundayapi\bing-api-plus)
2023-08-12 17:31:34.060 [main] INFO  com.abing.SystemApplication - No active profile set, falling back to default profiles: default
2023-08-12 17:31:34.141 [main] INFO  com.alibaba.spring.util.BeanRegistrar - The Infrastructure bean definition [Root bean: class [org.apache.dubbo.spring.boot.beans.factory.config.DubboConfigBeanCustomizer]; scope=; abstract=false; lazyInit=null; autowireMode=0; dependencyCheck=0; autowireCandidate=true; primary=false; factoryBeanName=null; factoryMethodName=null; initMethodName=null; destroyMethodName=nullwith name [namePropertyDefaultValueDubboConfigBeanCustomizer] has been registered.
2023-08-12 17:31:34.519 [main] INFO  com.alibaba.spring.util.BeanRegistrar - The Infrastructure bean definition [Root bean: class [org.apache.dubbo.config.spring.beans.factory.annotation.DubboConfigAliasPostProcessor]; scope=; abstract=false; lazyInit=null; autowireMode=0; dependencyCheck=0; autowireCandidate=true; primary=false; factoryBeanName=null; factoryMethodName=null; initMethodName=null; destroyMethodName=nullwith name [dubboConfigAliasPostProcessor] has been registered.
2023-08-12 17:31:34.523 [main] INFO  com.alibaba.spring.util.BeanRegistrar - The Infrastructure bean definition [Root bean: class [org.apache.dubbo.config.spring.beans.factory.annotation.ReferenceAnnotationBeanPostProcessor]; scope=; abstract=false; lazyInit=null; autowireMode=0; dependencyCheck=0; autowireCandidate=true; primary=false; factoryBeanName=null; factoryMethodName=null; initMethodName=null; destroyMethodName=nullwith name [referenceAnnotationBeanPostProcessor] has been registered.
2023-08-12 17:31:34.633 [main] INFO  c.a.s.b.f.a.ConfigurationBeanBindingRegistrar - The configuration bean definition [name : org.apache.dubbo.config.ApplicationConfig#0, content : Root bean: class [org.apache.dubbo.config.ApplicationConfig]; scope=; abstract=false; lazyInit=null; autowireMode=0; dependencyCheck=0; autowireCandidate=true; primary=false; factoryBeanName=null; factoryMethodName=null; initMethodName=null; destroyMethodName=null] has been registered.
2023-08-12 17:31:34.633 [main] INFO  com.alibaba.spring.util.BeanRegistrar - The Infrastructure bean definition [Root bean: class [com.alibaba.spring.beans.factory.annotation.ConfigurationBeanBindingPostProcessor]; scope=; abstract=false; lazyInit=null; autowireMode=0; dependencyCheck=0; autowireCandidate=true; primary=false; factoryBeanName=null; factoryMethodName=null; initMethodName=null; destroyMethodName=nullwith name [configurationBeanBindingPostProcessor] has been registered.
2023-08-12 17:31:34.633 [main] INFO  c.a.s.b.f.a.ConfigurationBeanBindingRegistrar - The configuration bean definition [name : org.apache.dubbo.config.RegistryConfig#0, content : Root bean: class [org.apache.dubbo.config.RegistryConfig]; scope=; abstract=false; lazyInit=null; autowireMode=0; dependencyCheck=0; autowireCandidate=true; primary=false; factoryBeanName=null; factoryMethodName=null; initMethodName=null; destroyMethodName=null] has been registered.
2023-08-12 17:31:34.633 [main] INFO  c.a.s.b.f.a.ConfigurationBeanBindingRegistrar - The configuration bean definition [name : org.apache.dubbo.config.ProtocolConfig#0, content : Root bean: class [org.apache.dubbo.config.ProtocolConfig]; scope=; abstract=false; lazyInit=null; autowireMode=0; dependencyCheck=0; autowireCandidate=true; primary=false; factoryBeanName=null; factoryMethodName=null; initMethodName=null; destroyMethodName=null] has been registered.
2023-08-12 17:31:34.633 [main] INFO  c.a.s.b.f.a.ConfigurationBeanBindingRegistrar - The configuration bean definition [name : org.apache.dubbo.config.ProviderConfig#0, content : Root bean: class [org.apache.dubbo.config.ProviderConfig]; scope=; abstract=false; lazyInit=null; autowireMode=0; dependencyCheck=0; autowireCandidate=true; primary=false; factoryBeanName=null; factoryMethodName=null; initMethodName=null; destroyMethodName=null] has been registered.
2023-08-12 17:31:34.775 [main] INFO  o.a.d.c.s.b.f.a.ServiceAnnotationBeanPostProcessor -  [DUBBO] BeanNameGenerator bean can't be found in BeanFactory with name [org.springframework.context.annotation.internalConfigurationBeanNameGenerator], dubbo version: 2.7.5, current host: 192.168.47.1
2023-08-12 17:31:34.775 [main] INFO  o.a.d.c.s.b.f.a.ServiceAnnotationBeanPostProcessor -  [DUBBO] BeanNameGenerator will be a instance of org.springframework.context.annotation.AnnotationBeanNameGenerator , it maybe a potential problem on bean name generation., dubbo version: 2.7.5, current host: 192.168.47.1
2023-08-12 17:31:34.786 [main] INFO  o.a.d.c.s.b.f.a.ServiceAnnotationBeanPostProcessor -  [DUBBO] The BeanDefinition[Root bean: class [org.apache.dubbo.config.spring.ServiceBean]; scope=; abstract=false; lazyInit=null; autowireMode=0; dependencyCheck=0; autowireCandidate=true; primary=false; factoryBeanName=null; factoryMethodName=null; initMethodName=null; destroyMethodName=null] of ServiceBean has been registered with name : ServiceBean:com.abing.service.InterfaceInfoService, dubbo version: 2.7.5, current host: 192.168.47.1
2023-08-12 17:31:34.787 [main] INFO  o.a.d.c.s.b.f.a.ServiceAnnotationBeanPostProcessor -  [DUBBO] The BeanDefinition[Root bean: class [org.apache.dubbo.config.spring.ServiceBean]; scope=; abstract=false; lazyInit=null; autowireMode=0; dependencyCheck=0; autowireCandidate=true; primary=false; factoryBeanName=null; factoryMethodName=null; initMethodName=null; destroyMethodName=null] of ServiceBean has been registered with name : ServiceBean:com.abing.service.QuoteService, dubbo version: 2.7.5, current host: 192.168.47.1
2023-08-12 17:31:34.787 [main] INFO  o.a.d.c.s.b.f.a.ServiceAnnotationBeanPostProcessor -  [DUBBO] 2 annotated Dubbo's @Service Components { [Bean definition with name 'interfaceInfoServiceImpl': Generic bean: class [com.abing.service.impl.InterfaceInfoServiceImpl]; scope=; abstract=false; lazyInit=null; autowireMode=0; dependencyCheck=0; autowireCandidate=true; primary=false; factoryBeanName=null; factoryMethodName=null; initMethodName=null; destroyMethodName=null; defined in file [D:\Star\sundayapi\bing-api-plus\bing-api-system\target\classes\com\abing\service\impl\InterfaceInfoServiceImpl.class], Bean definition with name 'quoteServiceImpl': Generic bean: class [com.abing.service.impl.QuoteServiceImpl]; scope=; abstract=false; lazyInit=null; autowireMode=0; dependencyCheck=0; autowireCandidate=true; primary=false; factoryBeanName=null; factoryMethodName=null; initMethodName=null; destroyMethodName=null; defined in file [D:\Star\sundayapi\bing-api-plus\bing-api-system\target\classes\com\abing\service\impl\QuoteServiceImpl.class]] } were scanned under package[com.abing.service.impl], dubbo version: 2.7.5, current host: 192.168.47.1
2023-08-12 17:31:34.850 [main] INFO  o.springframework.cloud.context.scope.GenericScope - BeanFactory id=24764765-1f57-3c65-b671-67612c82e92b
2023-08-12 17:31:35.302 [main] INFO  o.s.boot.web.embedded.tomcat.TomcatWebServer - Tomcat initialized with port(s): 9527 (http)
2023-08-12 17:31:35.309 [main] INFO  org.apache.coyote.http11.Http11NioProtocol - Initializing ProtocolHandler ["http-nio-9527"]
2023-08-12 17:31:35.309 [main] INFO  org.apache.catalina.core.StandardService - Starting service [Tomcat]
2023-08-12 17:31:35.309 [main] INFO  org.apache.catalina.core.StandardEngine - Starting Servlet engine: [Apache Tomcat/9.0.56]
2023-08-12 17:31:35.391 [main] INFO  o.a.c.c.ContainerBase.[Tomcat].[localhost].[/sys] - Initializing Spring embedded WebApplicationContext
2023-08-12 17:31:35.391 [main] INFO  o.s.b.w.s.c.ServletWebServerApplicationContext - Root WebApplicationContext: initialization completed in 1264 ms
2023-08-12 17:31:38.586 [main] INFO  c.a.s.b.f.a.ConfigurationBeanBindingPostProcessor - The configuration bean [<dubbo:application name="dubbo-apisystem-provider" valid="true" hostname="DESKTOP-R9FOC00" qosEnableCompatible="false" qosEnable="false" id="dubbo-apisystem-provider" prefix="dubbo.application" />] have been binding by the configuration properties [{name=dubbo-apisystem-provider, qos-enable=false}]
2023-08-12 17:31:38.593 [main] INFO  c.a.s.b.f.a.ConfigurationBeanBindingPostProcessor - The configuration bean [<dubbo:registry address="nacos://localhost:8848" protocol="nacos" port="8848" valid="true" id="nacos" prefix="dubbo.registry" />] have been binding by the configuration properties [{address=nacos://localhost:8848}]
2023-08-12 17:31:38.597 [main] INFO  c.a.s.b.f.a.ConfigurationBeanBindingPostProcessor - The configuration bean [<dubbo:protocol name="dubbo" port="-1" valid="true" id="dubbo" prefix="dubbo.protocol" />] have been binding by the configuration properties [{name=dubbo, port=-1}]
2023-08-12 17:31:38.605 [main] INFO  c.a.s.b.f.a.ConfigurationBeanBindingPostProcessor - The configuration bean [<dubbo:provider timeout="50000" deprecated="false" dynamic="true" prefix="dubbo.provider" valid="true" />] have been binding by the configuration properties [{timeout=50000}]
2023-08-12 17:31:45.862 [main] INFO  org.apache.coyote.http11.Http11NioProtocol - Starting ProtocolHandler ["http-nio-9527"]
2023-08-12 17:31:45.877 [main] INFO  o.s.boot.web.embedded.tomcat.TomcatWebServer - Tomcat started on port(s): 9527 (http) with context path '/sys'
2023-08-12 17:32:01.119 [main] INFO  o.a.d.c.s.b.f.a.ReferenceAnnotationBeanPostProcessor - class org.apache.dubbo.config.spring.beans.factory.annotation.ReferenceAnnotationBeanPostProcessor was destroying!
2023-08-12 17:32:01.555 [main] INFO  org.apache.coyote.http11.Http11NioProtocol - Pausing ProtocolHandler ["http-nio-9527"]
2023-08-12 17:32:01.556 [main] INFO  org.apache.catalina.core.StandardService - Stopping service [Tomcat]
2023-08-12 17:32:01.559 [main] INFO  org.apache.coyote.http11.Http11NioProtocol - Stopping ProtocolHandler ["http-nio-9527"]
2023-08-12 17:32:01.561 [main] INFO  org.apache.coyote.http11.Http11NioProtocol - Destroying ProtocolHandler ["http-nio-9527"]
2023-08-12 17:32:01.567 [main] INFO  o.s.b.a.l.ConditionEvaluationReportLoggingListener - 

Error starting ApplicationContext. To display the conditions report re-run your application with 'debug' enabled.
2023-08-12 17:32:08.615 [DubboShutdownHook] INFO  org.apache.dubbo.config.DubboShutdownHook -  [DUBBO] Run shutdown hook now., dubbo version: 2.7.5, current host: 192.168.47.1
2023-08-12 17:36:12.534 [main] INFO  org.apache.dubbo.common.logger.LoggerFactory - using logger: org.apache.dubbo.common.logger.slf4j.Slf4jLoggerAdapter
2023-08-12 17:36:12.540 [main] INFO  o.a.d.s.b.c.event.WelcomeLogoApplicationListener - 

 :: Dubbo Spring Boot (v2.7.5) : https://github.com/apache/dubbo-spring-boot-project
 :: Dubbo (v2.7.5) : https://github.com/apache/dubbo
 :: Discuss group : dev@dubbo.apache.org

2023-08-12 17:36:12.544 [main] INFO  o.a.d.s.b.c.e.OverrideDubboConfigApplicationListener - Dubbo Config was overridden by externalized configuration {dubbo.application.name=dubbo-apisystem-provider, dubbo.application.qos-enable=false, dubbo.config.multiple=true, dubbo.protocol.name=dubbo, dubbo.protocol.port=-1, dubbo.provider.timeout=50000, dubbo.registry.address=nacos://localhost:8848}
2023-08-12 17:36:12.628 [main] INFO  com.abing.SystemApplication - Starting SystemApplication using Java 1.8.0_371 on DESKTOP-R9FOC00 with PID 2088 (D:\Star\sundayapi\bing-api-plus\bing-api-system\target\classes started by 阿炳亿点点帅 in D:\Star\sundayapi\bing-api-plus)
2023-08-12 17:36:12.628 [main] INFO  com.abing.SystemApplication - No active profile set, falling back to default profiles: default
2023-08-12 17:36:12.731 [main] INFO  com.alibaba.spring.util.BeanRegistrar - The Infrastructure bean definition [Root bean: class [org.apache.dubbo.spring.boot.beans.factory.config.DubboConfigBeanCustomizer]; scope=; abstract=false; lazyInit=null; autowireMode=0; dependencyCheck=0; autowireCandidate=true; primary=false; factoryBeanName=null; factoryMethodName=null; initMethodName=null; destroyMethodName=nullwith name [namePropertyDefaultValueDubboConfigBeanCustomizer] has been registered.
2023-08-12 17:36:13.178 [main] INFO  com.alibaba.spring.util.BeanRegistrar - The Infrastructure bean definition [Root bean: class [org.apache.dubbo.config.spring.beans.factory.annotation.DubboConfigAliasPostProcessor]; scope=; abstract=false; lazyInit=null; autowireMode=0; dependencyCheck=0; autowireCandidate=true; primary=false; factoryBeanName=null; factoryMethodName=null; initMethodName=null; destroyMethodName=nullwith name [dubboConfigAliasPostProcessor] has been registered.
2023-08-12 17:36:13.182 [main] INFO  com.alibaba.spring.util.BeanRegistrar - The Infrastructure bean definition [Root bean: class [org.apache.dubbo.config.spring.beans.factory.annotation.ReferenceAnnotationBeanPostProcessor]; scope=; abstract=false; lazyInit=null; autowireMode=0; dependencyCheck=0; autowireCandidate=true; primary=false; factoryBeanName=null; factoryMethodName=null; initMethodName=null; destroyMethodName=nullwith name [referenceAnnotationBeanPostProcessor] has been registered.
2023-08-12 17:36:13.354 [main] INFO  c.a.s.b.f.a.ConfigurationBeanBindingRegistrar - The configuration bean definition [name : org.apache.dubbo.config.ApplicationConfig#0, content : Root bean: class [org.apache.dubbo.config.ApplicationConfig]; scope=; abstract=false; lazyInit=null; autowireMode=0; dependencyCheck=0; autowireCandidate=true; primary=false; factoryBeanName=null; factoryMethodName=null; initMethodName=null; destroyMethodName=null] has been registered.
2023-08-12 17:36:13.354 [main] INFO  com.alibaba.spring.util.BeanRegistrar - The Infrastructure bean definition [Root bean: class [com.alibaba.spring.beans.factory.annotation.ConfigurationBeanBindingPostProcessor]; scope=; abstract=false; lazyInit=null; autowireMode=0; dependencyCheck=0; autowireCandidate=true; primary=false; factoryBeanName=null; factoryMethodName=null; initMethodName=null; destroyMethodName=nullwith name [configurationBeanBindingPostProcessor] has been registered.
2023-08-12 17:36:13.355 [main] INFO  c.a.s.b.f.a.ConfigurationBeanBindingRegistrar - The configuration bean definition [name : org.apache.dubbo.config.RegistryConfig#0, content : Root bean: class [org.apache.dubbo.config.RegistryConfig]; scope=; abstract=false; lazyInit=null; autowireMode=0; dependencyCheck=0; autowireCandidate=true; primary=false; factoryBeanName=null; factoryMethodName=null; initMethodName=null; destroyMethodName=null] has been registered.
2023-08-12 17:36:13.355 [main] INFO  c.a.s.b.f.a.ConfigurationBeanBindingRegistrar - The configuration bean definition [name : org.apache.dubbo.config.ProtocolConfig#0, content : Root bean: class [org.apache.dubbo.config.ProtocolConfig]; scope=; abstract=false; lazyInit=null; autowireMode=0; dependencyCheck=0; autowireCandidate=true; primary=false; factoryBeanName=null; factoryMethodName=null; initMethodName=null; destroyMethodName=null] has been registered.
2023-08-12 17:36:13.355 [main] INFO  c.a.s.b.f.a.ConfigurationBeanBindingRegistrar - The configuration bean definition [name : org.apache.dubbo.config.ProviderConfig#0, content : Root bean: class [org.apache.dubbo.config.ProviderConfig]; scope=; abstract=false; lazyInit=null; autowireMode=0; dependencyCheck=0; autowireCandidate=true; primary=false; factoryBeanName=null; factoryMethodName=null; initMethodName=null; destroyMethodName=null] has been registered.
2023-08-12 17:36:13.606 [main] INFO  o.a.d.c.s.b.f.a.ServiceAnnotationBeanPostProcessor -  [DUBBO] BeanNameGenerator bean can't be found in BeanFactory with name [org.springframework.context.annotation.internalConfigurationBeanNameGenerator], dubbo version: 2.7.5, current host: 192.168.47.1
2023-08-12 17:36:13.606 [main] INFO  o.a.d.c.s.b.f.a.ServiceAnnotationBeanPostProcessor -  [DUBBO] BeanNameGenerator will be a instance of org.springframework.context.annotation.AnnotationBeanNameGenerator , it maybe a potential problem on bean name generation., dubbo version: 2.7.5, current host: 192.168.47.1
2023-08-12 17:36:13.623 [main] INFO  o.a.d.c.s.b.f.a.ServiceAnnotationBeanPostProcessor -  [DUBBO] The BeanDefinition[Root bean: class [org.apache.dubbo.config.spring.ServiceBean]; scope=; abstract=false; lazyInit=null; autowireMode=0; dependencyCheck=0; autowireCandidate=true; primary=false; factoryBeanName=null; factoryMethodName=null; initMethodName=null; destroyMethodName=null] of ServiceBean has been registered with name : ServiceBean:com.abing.service.InterfaceInfoService, dubbo version: 2.7.5, current host: 192.168.47.1
2023-08-12 17:36:13.625 [main] INFO  o.a.d.c.s.b.f.a.ServiceAnnotationBeanPostProcessor -  [DUBBO] The BeanDefinition[Root bean: class [org.apache.dubbo.config.spring.ServiceBean]; scope=; abstract=false; lazyInit=null; autowireMode=0; dependencyCheck=0; autowireCandidate=true; primary=false; factoryBeanName=null; factoryMethodName=null; initMethodName=null; destroyMethodName=null] of ServiceBean has been registered with name : ServiceBean:com.abing.service.QuoteService, dubbo version: 2.7.5, current host: 192.168.47.1
2023-08-12 17:36:13.625 [main] INFO  o.a.d.c.s.b.f.a.ServiceAnnotationBeanPostProcessor -  [DUBBO] 2 annotated Dubbo's @Service Components { [Bean definition with name 'interfaceInfoServiceImpl': Generic bean: class [com.abing.service.impl.InterfaceInfoServiceImpl]; scope=; abstract=false; lazyInit=null; autowireMode=0; dependencyCheck=0; autowireCandidate=true; primary=false; factoryBeanName=null; factoryMethodName=null; initMethodName=null; destroyMethodName=null; defined in file [D:\Star\sundayapi\bing-api-plus\bing-api-system\target\classes\com\abing\service\impl\InterfaceInfoServiceImpl.class], Bean definition with name 'quoteServiceImpl': Generic bean: class [com.abing.service.impl.QuoteServiceImpl]; scope=; abstract=false; lazyInit=null; autowireMode=0; dependencyCheck=0; autowireCandidate=true; primary=false; factoryBeanName=null; factoryMethodName=null; initMethodName=null; destroyMethodName=null; defined in file [D:\Star\sundayapi\bing-api-plus\bing-api-system\target\classes\com\abing\service\impl\QuoteServiceImpl.class]] } were scanned under package[com.abing.service.impl], dubbo version: 2.7.5, current host: 192.168.47.1
2023-08-12 17:36:13.745 [main] INFO  o.springframework.cloud.context.scope.GenericScope - BeanFactory id=24764765-1f57-3c65-b671-67612c82e92b
2023-08-12 17:36:14.678 [main] INFO  o.s.boot.web.embedded.tomcat.TomcatWebServer - Tomcat initialized with port(s): 9527 (http)
2023-08-12 17:36:14.690 [main] INFO  org.apache.coyote.http11.Http11NioProtocol - Initializing ProtocolHandler ["http-nio-9527"]
2023-08-12 17:36:14.691 [main] INFO  org.apache.catalina.core.StandardService - Starting service [Tomcat]
2023-08-12 17:36:14.692 [main] INFO  org.apache.catalina.core.StandardEngine - Starting Servlet engine: [Apache Tomcat/9.0.56]
2023-08-12 17:36:14.856 [main] INFO  o.a.c.c.ContainerBase.[Tomcat].[localhost].[/sys] - Initializing Spring embedded WebApplicationContext
2023-08-12 17:36:14.857 [main] INFO  o.s.b.w.s.c.ServletWebServerApplicationContext - Root WebApplicationContext: initialization completed in 2139 ms
2023-08-12 17:36:16.965 [main] INFO  org.apache.dubbo.common.logger.LoggerFactory - using logger: org.apache.dubbo.common.logger.slf4j.Slf4jLoggerAdapter
2023-08-12 17:36:16.972 [main] INFO  o.a.d.s.b.c.event.WelcomeLogoApplicationListener - 

 :: Dubbo Spring Boot (v2.7.5) : https://github.com/apache/dubbo-spring-boot-project
 :: Dubbo (v2.7.5) : https://github.com/apache/dubbo
 :: Discuss group : dev@dubbo.apache.org

2023-08-12 17:36:16.977 [main] INFO  o.a.d.s.b.c.e.OverrideDubboConfigApplicationListener - Dubbo Config was overridden by externalized configuration {dubbo.application.name=dubbo-apisystem-provider, dubbo.application.qos-enable=false, dubbo.config.multiple=true, dubbo.protocol.name=dubbo, dubbo.protocol.port=-1, dubbo.provider.timeout=50000, dubbo.registry.address=nacos://localhost:8848}
2023-08-12 17:36:17.078 [main] INFO  com.abing.SystemApplication - Starting SystemApplication using Java 1.8.0_371 on DESKTOP-R9FOC00 with PID 23224 (D:\Star\sundayapi\bing-api-plus\bing-api-system\target\classes started by 阿炳亿点点帅 in D:\Star\sundayapi\bing-api-plus)
2023-08-12 17:36:17.078 [main] INFO  com.abing.SystemApplication - No active profile set, falling back to default profiles: default
2023-08-12 17:36:17.208 [main] INFO  com.alibaba.spring.util.BeanRegistrar - The Infrastructure bean definition [Root bean: class [org.apache.dubbo.spring.boot.beans.factory.config.DubboConfigBeanCustomizer]; scope=; abstract=false; lazyInit=null; autowireMode=0; dependencyCheck=0; autowireCandidate=true; primary=false; factoryBeanName=null; factoryMethodName=null; initMethodName=null; destroyMethodName=nullwith name [namePropertyDefaultValueDubboConfigBeanCustomizer] has been registered.
2023-08-12 17:36:17.746 [main] INFO  com.alibaba.spring.util.BeanRegistrar - The Infrastructure bean definition [Root bean: class [org.apache.dubbo.config.spring.beans.factory.annotation.DubboConfigAliasPostProcessor]; scope=; abstract=false; lazyInit=null; autowireMode=0; dependencyCheck=0; autowireCandidate=true; primary=false; factoryBeanName=null; factoryMethodName=null; initMethodName=null; destroyMethodName=nullwith name [dubboConfigAliasPostProcessor] has been registered.
2023-08-12 17:36:17.750 [main] INFO  com.alibaba.spring.util.BeanRegistrar - The Infrastructure bean definition [Root bean: class [org.apache.dubbo.config.spring.beans.factory.annotation.ReferenceAnnotationBeanPostProcessor]; scope=; abstract=false; lazyInit=null; autowireMode=0; dependencyCheck=0; autowireCandidate=true; primary=false; factoryBeanName=null; factoryMethodName=null; initMethodName=null; destroyMethodName=nullwith name [referenceAnnotationBeanPostProcessor] has been registered.
2023-08-12 17:36:17.887 [main] INFO  c.a.s.b.f.a.ConfigurationBeanBindingRegistrar - The configuration bean definition [name : org.apache.dubbo.config.ApplicationConfig#0, content : Root bean: class [org.apache.dubbo.config.ApplicationConfig]; scope=; abstract=false; lazyInit=null; autowireMode=0; dependencyCheck=0; autowireCandidate=true; primary=false; factoryBeanName=null; factoryMethodName=null; initMethodName=null; destroyMethodName=null] has been registered.
2023-08-12 17:36:17.887 [main] INFO  com.alibaba.spring.util.BeanRegistrar - The Infrastructure bean definition [Root bean: class [com.alibaba.spring.beans.factory.annotation.ConfigurationBeanBindingPostProcessor]; scope=; abstract=false; lazyInit=null; autowireMode=0; dependencyCheck=0; autowireCandidate=true; primary=false; factoryBeanName=null; factoryMethodName=null; initMethodName=null; destroyMethodName=nullwith name [configurationBeanBindingPostProcessor] has been registered.
2023-08-12 17:36:17.888 [main] INFO  c.a.s.b.f.a.ConfigurationBeanBindingRegistrar - The configuration bean definition [name : org.apache.dubbo.config.RegistryConfig#0, content : Root bean: class [org.apache.dubbo.config.RegistryConfig]; scope=; abstract=false; lazyInit=null; autowireMode=0; dependencyCheck=0; autowireCandidate=true; primary=false; factoryBeanName=null; factoryMethodName=null; initMethodName=null; destroyMethodName=null] has been registered.
2023-08-12 17:36:17.888 [main] INFO  c.a.s.b.f.a.ConfigurationBeanBindingRegistrar - The configuration bean definition [name : org.apache.dubbo.config.ProtocolConfig#0, content : Root bean: class [org.apache.dubbo.config.ProtocolConfig]; scope=; abstract=false; lazyInit=null; autowireMode=0; dependencyCheck=0; autowireCandidate=true; primary=false; factoryBeanName=null; factoryMethodName=null; initMethodName=null; destroyMethodName=null] has been registered.
2023-08-12 17:36:17.888 [main] INFO  c.a.s.b.f.a.ConfigurationBeanBindingRegistrar - The configuration bean definition [name : org.apache.dubbo.config.ProviderConfig#0, content : Root bean: class [org.apache.dubbo.config.ProviderConfig]; scope=; abstract=false; lazyInit=null; autowireMode=0; dependencyCheck=0; autowireCandidate=true; primary=false; factoryBeanName=null; factoryMethodName=null; initMethodName=null; destroyMethodName=null] has been registered.
2023-08-12 17:36:18.075 [main] INFO  o.a.d.c.s.b.f.a.ServiceAnnotationBeanPostProcessor -  [DUBBO] BeanNameGenerator bean can't be found in BeanFactory with name [org.springframework.context.annotation.internalConfigurationBeanNameGenerator], dubbo version: 2.7.5, current host: 192.168.47.1
2023-08-12 17:36:18.075 [main] INFO  o.a.d.c.s.b.f.a.ServiceAnnotationBeanPostProcessor -  [DUBBO] BeanNameGenerator will be a instance of org.springframework.context.annotation.AnnotationBeanNameGenerator , it maybe a potential problem on bean name generation., dubbo version: 2.7.5, current host: 192.168.47.1
2023-08-12 17:36:18.086 [main] INFO  o.a.d.c.s.b.f.a.ServiceAnnotationBeanPostProcessor -  [DUBBO] The BeanDefinition[Root bean: class [org.apache.dubbo.config.spring.ServiceBean]; scope=; abstract=false; lazyInit=null; autowireMode=0; dependencyCheck=0; autowireCandidate=true; primary=false; factoryBeanName=null; factoryMethodName=null; initMethodName=null; destroyMethodName=null] of ServiceBean has been registered with name : ServiceBean:com.abing.service.InterfaceInfoService, dubbo version: 2.7.5, current host: 192.168.47.1
2023-08-12 17:36:18.087 [main] INFO  o.a.d.c.s.b.f.a.ServiceAnnotationBeanPostProcessor -  [DUBBO] The BeanDefinition[Root bean: class [org.apache.dubbo.config.spring.ServiceBean]; scope=; abstract=false; lazyInit=null; autowireMode=0; dependencyCheck=0; autowireCandidate=true; primary=false; factoryBeanName=null; factoryMethodName=null; initMethodName=null; destroyMethodName=null] of ServiceBean has been registered with name : ServiceBean:com.abing.service.QuoteService, dubbo version: 2.7.5, current host: 192.168.47.1
2023-08-12 17:36:18.087 [main] INFO  o.a.d.c.s.b.f.a.ServiceAnnotationBeanPostProcessor -  [DUBBO] 2 annotated Dubbo's @Service Components { [Bean definition with name 'interfaceInfoServiceImpl': Generic bean: class [com.abing.service.impl.InterfaceInfoServiceImpl]; scope=; abstract=false; lazyInit=null; autowireMode=0; dependencyCheck=0; autowireCandidate=true; primary=false; factoryBeanName=null; factoryMethodName=null; initMethodName=null; destroyMethodName=null; defined in file [D:\Star\sundayapi\bing-api-plus\bing-api-system\target\classes\com\abing\service\impl\InterfaceInfoServiceImpl.class], Bean definition with name 'quoteServiceImpl': Generic bean: class [com.abing.service.impl.QuoteServiceImpl]; scope=; abstract=false; lazyInit=null; autowireMode=0; dependencyCheck=0; autowireCandidate=true; primary=false; factoryBeanName=null; factoryMethodName=null; initMethodName=null; destroyMethodName=null; defined in file [D:\Star\sundayapi\bing-api-plus\bing-api-system\target\classes\com\abing\service\impl\QuoteServiceImpl.class]] } were scanned under package[com.abing.service.impl], dubbo version: 2.7.5, current host: 192.168.47.1
2023-08-12 17:36:18.185 [main] INFO  o.springframework.cloud.context.scope.GenericScope - BeanFactory id=24764765-1f57-3c65-b671-67612c82e92b
2023-08-12 17:36:18.769 [main] INFO  o.s.boot.web.embedded.tomcat.TomcatWebServer - Tomcat initialized with port(s): 9527 (http)
2023-08-12 17:36:18.778 [main] INFO  org.apache.coyote.http11.Http11NioProtocol - Initializing ProtocolHandler ["http-nio-9527"]
2023-08-12 17:36:18.779 [main] INFO  org.apache.catalina.core.StandardService - Starting service [Tomcat]
2023-08-12 17:36:18.779 [main] INFO  org.apache.catalina.core.StandardEngine - Starting Servlet engine: [Apache Tomcat/9.0.56]
2023-08-12 17:36:18.881 [main] INFO  o.a.c.c.ContainerBase.[Tomcat].[localhost].[/sys] - Initializing Spring embedded WebApplicationContext
2023-08-12 17:36:18.881 [main] INFO  o.s.b.w.s.c.ServletWebServerApplicationContext - Root WebApplicationContext: initialization completed in 1695 ms
2023-08-12 17:36:19.069 [main] INFO  c.a.s.b.f.a.ConfigurationBeanBindingPostProcessor - The configuration bean [<dubbo:application name="dubbo-apisystem-provider" valid="true" qosEnable="false" hostname="DESKTOP-R9FOC00" qosEnableCompatible="false" id="dubbo-apisystem-provider" prefix="dubbo.application" />] have been binding by the configuration properties [{name=dubbo-apisystem-provider, qos-enable=false}]
2023-08-12 17:36:19.075 [main] INFO  c.a.s.b.f.a.ConfigurationBeanBindingPostProcessor - The configuration bean [<dubbo:registry address="nacos://localhost:8848" protocol="nacos" port="8848" valid="true" id="nacos" prefix="dubbo.registry" />] have been binding by the configuration properties [{address=nacos://localhost:8848}]
2023-08-12 17:36:19.083 [main] INFO  c.a.s.b.f.a.ConfigurationBeanBindingPostProcessor - The configuration bean [<dubbo:protocol name="dubbo" port="-1" valid="true" id="dubbo" prefix="dubbo.protocol" />] have been binding by the configuration properties [{name=dubbo, port=-1}]
2023-08-12 17:36:19.095 [main] INFO  c.a.s.b.f.a.ConfigurationBeanBindingPostProcessor - The configuration bean [<dubbo:provider timeout="50000" deprecated="false" dynamic="true" prefix="dubbo.provider" valid="true" />] have been binding by the configuration properties [{timeout=50000}]
2023-08-12 17:36:20.686 [main] INFO  org.apache.coyote.http11.Http11NioProtocol - Starting ProtocolHandler ["http-nio-9527"]
2023-08-12 17:36:20.704 [main] INFO  o.s.boot.web.embedded.tomcat.TomcatWebServer - Tomcat started on port(s): 9527 (http) with context path '/sys'
2023-08-12 17:36:20.728 [main] INFO  c.a.cloud.nacos.registry.NacosServiceRegistry - nacos registry, DEFAULT_GROUP dubbo-apisystem-provider 192.168.47.1:9527 register finished
2023-08-12 17:36:21.638 [main] INFO  o.apache.dubbo.config.utils.ConfigValidationUtils -  [DUBBO] There's no valid monitor config found, if you want to open monitor statistics for Dubbo, please make sure your monitor is configured properly., dubbo version: 2.7.5, current host: 192.168.47.1
2023-08-12 17:36:21.650 [main] INFO  org.apache.dubbo.config.bootstrap.DubboBootstrap -  [DUBBO] DubboBootstrap has been initialized!, dubbo version: 2.7.5, current host: 192.168.47.1
2023-08-12 17:36:21.650 [main] INFO  org.apache.dubbo.config.bootstrap.DubboBootstrap -  [DUBBO] DubboBootstrap is starting..., dubbo version: 2.7.5, current host: 192.168.47.1
2023-08-12 17:36:21.716 [main] INFO  org.apache.dubbo.config.ServiceConfig -  [DUBBO] No valid ip found from environment, try to find valid host from DNS., dubbo version: 2.7.5, current host: 192.168.47.1
2023-08-12 17:36:21.760 [main] INFO  org.apache.dubbo.config.ServiceConfig -  [DUBBO] Export dubbo service com.abing.service.InterfaceInfoService to local registry url : injvm://127.0.0.1/com.abing.service.InterfaceInfoService?anyhost=true&application=dubbo-apisystem-provider&bind.ip=192.168.47.1&bind.port=20880&deprecated=false&dubbo=2.0.2&dynamic=true&generic=false&interface=com.abing.service.InterfaceInfoService&methods=removeById,lambdaQuery,ktQuery,removeByMap,listByIds,updateBatchById,saveOrUpdate,query,count,listObjs,list,getMap,getEntityClass,getById,getOne,page,ktUpdate,save,update,getObj,removeBatchByIds,saveOrUpdateBatch,remove,getBaseMapper,removeByIds,lambdaUpdate,listMaps,saveBatch,updateById,pageMaps,listByMap&pid=2088&qos.enable=false&release=2.7.5&side=provider&timeout=50000&timestamp=1691832981671, dubbo version: 2.7.5, current host: 192.168.47.1
2023-08-12 17:36:21.760 [main] INFO  org.apache.dubbo.config.ServiceConfig -  [DUBBO] Register dubbo service com.abing.service.InterfaceInfoService url dubbo://192.168.47.1:20880/com.abing.service.InterfaceInfoService?anyhost=true&application=dubbo-apisystem-provider&bind.ip=192.168.47.1&bind.port=20880&deprecated=false&dubbo=2.0.2&dynamic=true&generic=false&interface=com.abing.service.InterfaceInfoService&methods=removeById,lambdaQuery,ktQuery,removeByMap,listByIds,updateBatchById,saveOrUpdate,query,count,listObjs,list,getMap,getEntityClass,getById,getOne,page,ktUpdate,save,update,getObj,removeBatchByIds,saveOrUpdateBatch,remove,getBaseMapper,removeByIds,lambdaUpdate,listMaps,saveBatch,updateById,pageMaps,listByMap&pid=2088&qos.enable=false&release=2.7.5&side=provider&timeout=50000&timestamp=1691832981671 to registry registry://localhost:8848/org.apache.dubbo.registry.RegistryService?application=dubbo-apisystem-provider&dubbo=2.0.2&pid=2088&qos.enable=false&registry=nacos&release=2.7.5&timestamp=1691832981668, dubbo version: 2.7.5, current host: 192.168.47.1
2023-08-12 17:36:21.808 [main] INFO  org.apache.dubbo.qos.protocol.QosProtocolWrapper -  [DUBBO] qos won't be started because it is disabled. Please check dubbo.application.qos.enable is configured either in system property, dubbo.properties or XML/spring-boot configuration., dubbo version: 2.7.5, current host: 192.168.47.1
2023-08-12 17:36:22.939 [main] INFO  c.a.s.b.f.a.ConfigurationBeanBindingPostProcessor - The configuration bean [<dubbo:application name="dubbo-apisystem-provider" valid="true" hostname="DESKTOP-R9FOC00" qosEnable="false" qosEnableCompatible="false" id="dubbo-apisystem-provider" prefix="dubbo.application" />] have been binding by the configuration properties [{name=dubbo-apisystem-provider, qos-enable=false}]
2023-08-12 17:36:22.945 [main] INFO  c.a.s.b.f.a.ConfigurationBeanBindingPostProcessor - The configuration bean [<dubbo:registry address="nacos://localhost:8848" protocol="nacos" port="8848" valid="true" id="nacos" prefix="dubbo.registry" />] have been binding by the configuration properties [{address=nacos://localhost:8848}]
2023-08-12 17:36:22.951 [main] INFO  c.a.s.b.f.a.ConfigurationBeanBindingPostProcessor - The configuration bean [<dubbo:protocol name="dubbo" port="-1" valid="true" id="dubbo" prefix="dubbo.protocol" />] have been binding by the configuration properties [{name=dubbo, port=-1}]
2023-08-12 17:36:22.961 [main] INFO  c.a.s.b.f.a.ConfigurationBeanBindingPostProcessor - The configuration bean [<dubbo:provider timeout="50000" dynamic="true" deprecated="false" prefix="dubbo.provider" valid="true" />] have been binding by the configuration properties [{timeout=50000}]
2023-08-12 17:36:23.011 [main] INFO  org.apache.dubbo.remoting.transport.AbstractServer -  [DUBBO] Start NettyServer bind /0.0.0.0:20880, export /192.168.47.1:20880, dubbo version: 2.7.5, current host: 192.168.47.1
2023-08-12 17:36:23.046 [main] INFO  org.apache.dubbo.registry.nacos.NacosRegistry -  [DUBBO] Register: dubbo://192.168.47.1:20880/com.abing.service.InterfaceInfoService?anyhost=true&application=dubbo-apisystem-provider&deprecated=false&dubbo=2.0.2&dynamic=true&generic=false&interface=com.abing.service.InterfaceInfoService&methods=removeById,lambdaQuery,ktQuery,removeByMap,listByIds,updateBatchById,saveOrUpdate,query,count,listObjs,list,getMap,getEntityClass,getById,getOne,page,ktUpdate,save,update,getObj,removeBatchByIds,saveOrUpdateBatch,remove,getBaseMapper,removeByIds,lambdaUpdate,listMaps,saveBatch,updateById,pageMaps,listByMap&pid=2088&release=2.7.5&side=provider&timeout=50000&timestamp=1691832981671, dubbo version: 2.7.5, current host: 192.168.47.1
2023-08-12 17:36:23.057 [main] INFO  org.apache.dubbo.registry.nacos.NacosRegistry -  [DUBBO] Subscribe: provider://192.168.47.1:20880/com.abing.service.InterfaceInfoService?anyhost=true&application=dubbo-apisystem-provider&bind.ip=192.168.47.1&bind.port=20880&category=configurators&check=false&deprecated=false&dubbo=2.0.2&dynamic=true&generic=false&interface=com.abing.service.InterfaceInfoService&methods=removeById,lambdaQuery,ktQuery,removeByMap,listByIds,updateBatchById,saveOrUpdate,query,count,listObjs,list,getMap,getEntityClass,getById,getOne,page,ktUpdate,save,update,getObj,removeBatchByIds,saveOrUpdateBatch,remove,getBaseMapper,removeByIds,lambdaUpdate,listMaps,saveBatch,updateById,pageMaps,listByMap&pid=2088&qos.enable=false&release=2.7.5&side=provider&timeout=50000&timestamp=1691832981671, dubbo version: 2.7.5, current host: 192.168.47.1
2023-08-12 17:36:23.068 [main] INFO  org.apache.dubbo.registry.nacos.NacosRegistry -  [DUBBO] Notify urls for subscribe url provider://192.168.47.1:20880/com.abing.service.InterfaceInfoService?anyhost=true&application=dubbo-apisystem-provider&bind.ip=192.168.47.1&bind.port=20880&category=configurators&check=false&deprecated=false&dubbo=2.0.2&dynamic=true&generic=false&interface=com.abing.service.InterfaceInfoService&methods=removeById,lambdaQuery,ktQuery,removeByMap,listByIds,updateBatchById,saveOrUpdate,query,count,listObjs,list,getMap,getEntityClass,getById,getOne,page,ktUpdate,save,update,getObj,removeBatchByIds,saveOrUpdateBatch,remove,getBaseMapper,removeByIds,lambdaUpdate,listMaps,saveBatch,updateById,pageMaps,listByMap&pid=2088&qos.enable=false&release=2.7.5&side=provider&timeout=50000&timestamp=1691832981671, urls: [empty://192.168.47.1:20880/com.abing.service.InterfaceInfoService?anyhost=true&application=dubbo-apisystem-provider&bind.ip=192.168.47.1&bind.port=20880&category=providers&check=false&deprecated=false&dubbo=2.0.2&dynamic=true&generic=false&interface=com.abing.service.InterfaceInfoService&methods=removeById,lambdaQuery,ktQuery,removeByMap,listByIds,updateBatchById,saveOrUpdate,query,count,listObjs,list,getMap,getEntityClass,getById,getOne,page,ktUpdate,save,update,getObj,removeBatchByIds,saveOrUpdateBatch,remove,getBaseMapper,removeByIds,lambdaUpdate,listMaps,saveBatch,updateById,pageMaps,listByMap&pid=2088&qos.enable=false&release=2.7.5&side=provider&timeout=50000&timestamp=1691832981671], dubbo version: 2.7.5, current host: 192.168.47.1
2023-08-12 17:36:23.195 [main] INFO  o.a.d.m.DynamicConfigurationServiceNameMapping -  [DUBBO] Dubbo service[null] mapped to interface name[com.abing.service.InterfaceInfoService]., dubbo version: 2.7.5, current host: 192.168.47.1
2023-08-12 17:36:23.212 [main] INFO  org.apache.dubbo.config.ServiceConfig -  [DUBBO] No valid ip found from environment, try to find valid host from DNS., dubbo version: 2.7.5, current host: 192.168.47.1
2023-08-12 17:36:23.213 [main] INFO  org.apache.dubbo.config.ServiceConfig -  [DUBBO] Export dubbo service com.abing.service.QuoteService to local registry url : injvm://127.0.0.1/com.abing.service.QuoteService?anyhost=true&application=dubbo-apisystem-provider&bind.ip=192.168.47.1&bind.port=20880&deprecated=false&dubbo=2.0.2&dynamic=true&generic=false&interface=com.abing.service.QuoteService&methods=play,removeById,lambdaQuery,ktQuery,removeByMap,listByIds,updateBatchById,saveOrUpdate,query,count,listObjs,list,getMap,getEntityClass,getById,getOne,listQuote,page,ktUpdate,save,update,getObj,removeBatchByIds,saveOrUpdateBatch,remove,getBaseMapper,removeByIds,lambdaUpdate,listMaps,saveBatch,updateById,pageMaps,listByMap&pid=2088&qos.enable=false&release=2.7.5&side=provider&timeout=50000&timestamp=1691832983198, dubbo version: 2.7.5, current host: 192.168.47.1
2023-08-12 17:36:23.214 [main] INFO  org.apache.dubbo.config.ServiceConfig -  [DUBBO] Register dubbo service com.abing.service.QuoteService url dubbo://192.168.47.1:20880/com.abing.service.QuoteService?anyhost=true&application=dubbo-apisystem-provider&bind.ip=192.168.47.1&bind.port=20880&deprecated=false&dubbo=2.0.2&dynamic=true&generic=false&interface=com.abing.service.QuoteService&methods=play,removeById,lambdaQuery,ktQuery,removeByMap,listByIds,updateBatchById,saveOrUpdate,query,count,listObjs,list,getMap,getEntityClass,getById,getOne,listQuote,page,ktUpdate,save,update,getObj,removeBatchByIds,saveOrUpdateBatch,remove,getBaseMapper,removeByIds,lambdaUpdate,listMaps,saveBatch,updateById,pageMaps,listByMap&pid=2088&qos.enable=false&release=2.7.5&side=provider&timeout=50000&timestamp=1691832983198 to registry registry://localhost:8848/org.apache.dubbo.registry.RegistryService?application=dubbo-apisystem-provider&dubbo=2.0.2&pid=2088&qos.enable=false&registry=nacos&release=2.7.5&timestamp=1691832983198, dubbo version: 2.7.5, current host: 192.168.47.1
2023-08-12 17:36:23.221 [main] INFO  org.apache.dubbo.registry.nacos.NacosRegistry -  [DUBBO] Register: dubbo://192.168.47.1:20880/com.abing.service.QuoteService?anyhost=true&application=dubbo-apisystem-provider&deprecated=false&dubbo=2.0.2&dynamic=true&generic=false&interface=com.abing.service.QuoteService&methods=play,removeById,lambdaQuery,ktQuery,removeByMap,listByIds,updateBatchById,saveOrUpdate,query,count,listObjs,list,getMap,getEntityClass,getById,getOne,listQuote,page,ktUpdate,save,update,getObj,removeBatchByIds,saveOrUpdateBatch,remove,getBaseMapper,removeByIds,lambdaUpdate,listMaps,saveBatch,updateById,pageMaps,listByMap&pid=2088&release=2.7.5&side=provider&timeout=50000&timestamp=1691832983198, dubbo version: 2.7.5, current host: 192.168.47.1
2023-08-12 17:36:23.227 [main] INFO  org.apache.dubbo.registry.nacos.NacosRegistry -  [DUBBO] Subscribe: provider://192.168.47.1:20880/com.abing.service.QuoteService?anyhost=true&application=dubbo-apisystem-provider&bind.ip=192.168.47.1&bind.port=20880&category=configurators&check=false&deprecated=false&dubbo=2.0.2&dynamic=true&generic=false&interface=com.abing.service.QuoteService&methods=play,removeById,lambdaQuery,ktQuery,removeByMap,listByIds,updateBatchById,saveOrUpdate,query,count,listObjs,list,getMap,getEntityClass,getById,getOne,listQuote,page,ktUpdate,save,update,getObj,removeBatchByIds,saveOrUpdateBatch,remove,getBaseMapper,removeByIds,lambdaUpdate,listMaps,saveBatch,updateById,pageMaps,listByMap&pid=2088&qos.enable=false&release=2.7.5&side=provider&timeout=50000&timestamp=1691832983198, dubbo version: 2.7.5, current host: 192.168.47.1
2023-08-12 17:36:23.233 [main] INFO  org.apache.dubbo.registry.nacos.NacosRegistry -  [DUBBO] Notify urls for subscribe url provider://192.168.47.1:20880/com.abing.service.QuoteService?anyhost=true&application=dubbo-apisystem-provider&bind.ip=192.168.47.1&bind.port=20880&category=configurators&check=false&deprecated=false&dubbo=2.0.2&dynamic=true&generic=false&interface=com.abing.service.QuoteService&methods=play,removeById,lambdaQuery,ktQuery,removeByMap,listByIds,updateBatchById,saveOrUpdate,query,count,listObjs,list,getMap,getEntityClass,getById,getOne,listQuote,page,ktUpdate,save,update,getObj,removeBatchByIds,saveOrUpdateBatch,remove,getBaseMapper,removeByIds,lambdaUpdate,listMaps,saveBatch,updateById,pageMaps,listByMap&pid=2088&qos.enable=false&release=2.7.5&side=provider&timeout=50000&timestamp=1691832983198, urls: [empty://192.168.47.1:20880/com.abing.service.QuoteService?anyhost=true&application=dubbo-apisystem-provider&bind.ip=192.168.47.1&bind.port=20880&category=providers&check=false&deprecated=false&dubbo=2.0.2&dynamic=true&generic=false&interface=com.abing.service.QuoteService&methods=play,removeById,lambdaQuery,ktQuery,removeByMap,listByIds,updateBatchById,saveOrUpdate,query,count,listObjs,list,getMap,getEntityClass,getById,getOne,listQuote,page,ktUpdate,save,update,getObj,removeBatchByIds,saveOrUpdateBatch,remove,getBaseMapper,removeByIds,lambdaUpdate,listMaps,saveBatch,updateById,pageMaps,listByMap&pid=2088&qos.enable=false&release=2.7.5&side=provider&timeout=50000&timestamp=1691832983198], dubbo version: 2.7.5, current host: 192.168.47.1
2023-08-12 17:36:23.254 [main] INFO  o.a.d.m.DynamicConfigurationServiceNameMapping -  [DUBBO] Dubbo service[null] mapped to interface name[com.abing.service.QuoteService]., dubbo version: 2.7.5, current host: 192.168.47.1
2023-08-12 17:36:23.257 [main] INFO  org.apache.dubbo.config.bootstrap.DubboBootstrap -  [DUBBO] DubboBootstrap has started., dubbo version: 2.7.5, current host: 192.168.47.1
2023-08-12 17:36:23.262 [main] INFO  com.abing.SystemApplication - Started SystemApplication in 12.015 seconds (JVM running for 13.65)
2023-08-12 17:36:24.508 [main] INFO  org.apache.coyote.http11.Http11NioProtocol - Starting ProtocolHandler ["http-nio-9527"]
2023-08-12 17:36:29.209 [DubboShutdownHook] INFO  org.apache.dubbo.config.DubboShutdownHook -  [DUBBO] Run shutdown hook now., dubbo version: 2.7.5, current host: 192.168.47.1
2023-08-12 17:36:29.212 [DubboShutdownHook] INFO  o.a.d.config.event.listener.LoggingEventListener -  [DUBBO] Dubbo Service has been destroyed., dubbo version: 2.7.5, current host: 192.168.47.1
2023-08-12 17:36:31.580 [main] INFO  o.a.d.c.s.b.f.a.ReferenceAnnotationBeanPostProcessor - class org.apache.dubbo.config.spring.beans.factory.annotation.ReferenceAnnotationBeanPostProcessor was destroying!
2023-08-12 17:37:10.805 [http-nio-9527-exec-1] INFO  o.a.c.c.ContainerBase.[Tomcat].[localhost].[/sys] - Initializing Spring DispatcherServlet 'dispatcherServlet'
2023-08-12 17:37:10.805 [http-nio-9527-exec-1] INFO  org.springframework.web.servlet.DispatcherServlet - Initializing Servlet 'dispatcherServlet'
2023-08-12 17:37:10.806 [http-nio-9527-exec-1] INFO  org.springframework.web.servlet.DispatcherServlet - Completed initialization in 1 ms
