2023-10-10 00:00:06.376 [schedulerFactoryBean_Worker-8] INFO  com.abing.job.TestJob - Quartz ================> 启动
2023-10-10 00:00:16.379 [schedulerFactoryBean_Worker-9] INFO  com.abing.job.TestJob - Quartz ================> 启动
2023-10-10 00:00:26.389 [schedulerFactoryBean_Worker-10] INFO  com.abing.job.TestJob - Quartz ================> 启动
2023-10-10 00:00:36.383 [schedulerFactoryBean_Worker-1] INFO  com.abing.job.TestJob - Quartz ================> 启动
2023-10-10 00:00:46.378 [schedulerFactoryBean_Worker-2] INFO  com.abing.job.TestJob - Quartz ================> 启动
2023-10-10 00:00:56.384 [schedulerFactoryBean_Worker-3] INFO  com.abing.job.TestJob - Quartz ================> 启动
2023-10-10 00:01:06.378 [schedulerFactoryBean_Worker-4] INFO  com.abing.job.TestJob - Quartz ================> 启动
2023-10-10 00:01:16.378 [schedulerFactoryBean_Worker-5] INFO  com.abing.job.TestJob - Quartz ================> 启动
2023-10-10 00:01:26.389 [schedulerFactoryBean_Worker-6] INFO  com.abing.job.TestJob - Quartz ================> 启动
2023-10-10 00:01:36.381 [schedulerFactoryBean_Worker-7] INFO  com.abing.job.TestJob - Quartz ================> 启动
2023-10-10 00:01:46.376 [schedulerFactoryBean_Worker-8] INFO  com.abing.job.TestJob - Quartz ================> 启动
2023-10-10 00:01:56.379 [schedulerFactoryBean_Worker-9] INFO  com.abing.job.TestJob - Quartz ================> 启动
2023-10-10 00:02:06.388 [schedulerFactoryBean_Worker-10] INFO  com.abing.job.TestJob - Quartz ================> 启动
2023-10-10 00:02:16.387 [schedulerFactoryBean_Worker-1] INFO  com.abing.job.TestJob - Quartz ================> 启动
2023-10-10 00:02:26.375 [schedulerFactoryBean_Worker-2] INFO  com.abing.job.TestJob - Quartz ================> 启动
2023-10-10 00:02:36.385 [schedulerFactoryBean_Worker-3] INFO  com.abing.job.TestJob - Quartz ================> 启动
2023-10-10 00:02:46.382 [schedulerFactoryBean_Worker-4] INFO  com.abing.job.TestJob - Quartz ================> 启动
2023-10-10 00:02:56.376 [schedulerFactoryBean_Worker-5] INFO  com.abing.job.TestJob - Quartz ================> 启动
2023-10-10 00:03:06.385 [schedulerFactoryBean_Worker-6] INFO  com.abing.job.TestJob - Quartz ================> 启动
2023-10-10 00:03:16.386 [schedulerFactoryBean_Worker-7] INFO  com.abing.job.TestJob - Quartz ================> 启动
2023-10-10 00:03:26.389 [schedulerFactoryBean_Worker-8] INFO  com.abing.job.TestJob - Quartz ================> 启动
2023-10-10 00:03:36.375 [schedulerFactoryBean_Worker-9] INFO  com.abing.job.TestJob - Quartz ================> 启动
2023-10-10 00:03:46.382 [schedulerFactoryBean_Worker-10] INFO  com.abing.job.TestJob - Quartz ================> 启动
2023-10-10 00:03:56.385 [schedulerFactoryBean_Worker-1] INFO  com.abing.job.TestJob - Quartz ================> 启动
2023-10-10 00:04:06.384 [schedulerFactoryBean_Worker-2] INFO  com.abing.job.TestJob - Quartz ================> 启动
2023-10-10 00:04:16.379 [schedulerFactoryBean_Worker-3] INFO  com.abing.job.TestJob - Quartz ================> 启动
2023-10-10 00:04:26.381 [schedulerFactoryBean_Worker-4] INFO  com.abing.job.TestJob - Quartz ================> 启动
2023-10-10 00:04:36.381 [schedulerFactoryBean_Worker-5] INFO  com.abing.job.TestJob - Quartz ================> 启动
2023-10-10 00:04:46.380 [schedulerFactoryBean_Worker-6] INFO  com.abing.job.TestJob - Quartz ================> 启动
2023-10-10 00:04:56.388 [schedulerFactoryBean_Worker-7] INFO  com.abing.job.TestJob - Quartz ================> 启动
2023-10-10 00:05:06.381 [schedulerFactoryBean_Worker-8] INFO  com.abing.job.TestJob - Quartz ================> 启动
2023-10-10 00:05:16.389 [schedulerFactoryBean_Worker-9] INFO  com.abing.job.TestJob - Quartz ================> 启动
2023-10-10 00:05:26.388 [schedulerFactoryBean_Worker-10] INFO  com.abing.job.TestJob - Quartz ================> 启动
2023-10-10 00:05:36.382 [schedulerFactoryBean_Worker-1] INFO  com.abing.job.TestJob - Quartz ================> 启动
2023-10-10 00:05:46.378 [schedulerFactoryBean_Worker-2] INFO  com.abing.job.TestJob - Quartz ================> 启动
2023-10-10 00:05:56.385 [schedulerFactoryBean_Worker-3] INFO  com.abing.job.TestJob - Quartz ================> 启动
2023-10-10 00:06:06.389 [schedulerFactoryBean_Worker-4] INFO  com.abing.job.TestJob - Quartz ================> 启动
2023-10-10 00:06:16.386 [schedulerFactoryBean_Worker-5] INFO  com.abing.job.TestJob - Quartz ================> 启动
2023-10-10 00:06:26.386 [schedulerFactoryBean_Worker-6] INFO  com.abing.job.TestJob - Quartz ================> 启动
2023-10-10 00:06:36.377 [schedulerFactoryBean_Worker-7] INFO  com.abing.job.TestJob - Quartz ================> 启动
2023-10-10 00:06:46.383 [schedulerFactoryBean_Worker-8] INFO  com.abing.job.TestJob - Quartz ================> 启动
2023-10-10 00:06:56.374 [schedulerFactoryBean_Worker-9] INFO  com.abing.job.TestJob - Quartz ================> 启动
2023-10-10 00:07:06.378 [schedulerFactoryBean_Worker-10] INFO  com.abing.job.TestJob - Quartz ================> 启动
2023-10-10 00:07:16.383 [schedulerFactoryBean_Worker-1] INFO  com.abing.job.TestJob - Quartz ================> 启动
2023-10-10 00:07:26.376 [schedulerFactoryBean_Worker-2] INFO  com.abing.job.TestJob - Quartz ================> 启动
2023-10-10 00:07:36.384 [schedulerFactoryBean_Worker-3] INFO  com.abing.job.TestJob - Quartz ================> 启动
2023-10-10 00:07:46.387 [schedulerFactoryBean_Worker-4] INFO  com.abing.job.TestJob - Quartz ================> 启动
2023-10-10 00:07:56.386 [schedulerFactoryBean_Worker-5] INFO  com.abing.job.TestJob - Quartz ================> 启动
2023-10-10 00:08:06.053 [DubboShutdownHook] INFO  org.apache.dubbo.config.DubboShutdownHook -  [DUBBO] Run shutdown hook now., dubbo version: 2.7.5, current host: 192.168.47.1
2023-10-10 00:08:06.054 [SpringContextShutdownHook] INFO  o.a.d.s.b.c.e.AwaitingNonWebApplicationListener -  [Dubbo] Current Spring Boot Application is about to shutdown...
2023-10-10 00:08:06.056 [SpringContextShutdownHook] INFO  org.apache.dubbo.registry.nacos.NacosRegistry -  [DUBBO] Unregister: dubbo://192.168.47.1:20880/com.abing.service.InterfaceInfoService?anyhost=true&application=dubbo-apisystem-provider&deprecated=false&dubbo=2.0.2&dynamic=true&generic=false&interface=com.abing.service.InterfaceInfoService&methods=removeById,lambdaQuery,ktQuery,removeByMap,listByIds,removeInterfaceInfoBatch,searchInterfacesByName,updateBatchById,saveOrUpdate,query,count,listObjs,list,getMap,getEntityClass,getById,getOne,page,ktUpdate,save,update,getObj,removeBatchByIds,saveOrUpdateBatch,remove,getBaseMapper,removeByIds,lambdaUpdate,listInterfaces,listMaps,saveBatch,updateById,searchInterface,pageMaps,listByMap&pid=15460&release=2.7.5&side=provider&timeout=50000&timestamp=1696865536487, dubbo version: 2.7.5, current host: 192.168.47.1
2023-10-10 00:08:06.056 [DubboShutdownHook] INFO  o.a.d.config.event.listener.LoggingEventListener -  [DUBBO] Dubbo Service has been destroyed., dubbo version: 2.7.5, current host: 192.168.47.1
